<?xml version="1.0" encoding="UTF-8"?>
<!-- Generated by org.testng.reporters.JUnitReportReporter -->
<testsuite hostname="e659b7c641fc" failures="0" tests="15" name="com.test.flightreserve.BookFlightTicket" time="47.024" errors="0" timestamp="2025-11-01T07:46:15 GMT" skipped="0">
  <testcase classname="com.test.flightreserve.BookFlightTicket" name="flightSelect" time="2.565"/>
  <testcase classname="com.test.flightreserve.BookFlightTicket" name="registrationPageConformation" time="2.139"/>
  <testcase classname="com.test.flightreserve.BookFlightTicket" name="registrationPage" time="5.729"/>
  <testcase classname="com.test.flightreserve.BookFlightTicket" name="registrationPageConformation" time="3.306"/>
  <testcase classname="com.test.flightreserve.BookFlightTicket" name="flightConformation" time="2.269"/>
  <testcase classname="com.test.flightreserve.BookFlightTicket" name="flightSearch" time="3.595"/>
  <testcase classname="com.test.flightreserve.BookFlightTicket" name="flightSelect" time="2.341"/>
  <testcase classname="com.test.flightreserve.BookFlightTicket" name="registrationPage" time="3.564"/>
  <testcase classname="com.test.flightreserve.BookFlightTicket" name="registrationPage" time="6.047"/>
  <testcase classname="com.test.flightreserve.BookFlightTicket" name="flightConformation" time="2.275"/>
  <testcase classname="com.test.flightreserve.BookFlightTicket" name="flightSearch" time="3.236"/>
  <testcase classname="com.test.flightreserve.BookFlightTicket" name="flightConformation" time="2.510"/>
  <testcase classname="com.test.flightreserve.BookFlightTicket" name="flightSelect" time="2.413"/>
  <testcase classname="com.test.flightreserve.BookFlightTicket" name="registrationPageConformation" time="2.227"/>
  <testcase classname="com.test.flightreserve.BookFlightTicket" name="flightSearch" time="2.808"/>
</testsuite> <!-- com.test.flightreserve.BookFlightTicket -->
