<?xml version="1.0" encoding="UTF-8"?>
<!-- Generated by org.testng.reporters.JUnitReportReporter -->
<testsuite hostname="c5b3b6dd33a9" failures="0" tests="12" name="com.test.vendorapplication.VendorApplicationTest" time="44.995" errors="0" timestamp="2025-11-01T07:46:11 GMT" skipped="0">
  <testcase classname="com.test.vendorapplication.VendorApplicationTest" name="checkDashboardWidgets" time="3.370"/>
  <testcase classname="com.test.vendorapplication.VendorApplicationTest" name="checkDashboardWidgets" time="3.211"/>
  <testcase classname="com.test.vendorapplication.VendorApplicationTest" name="logOutSession" time="9.068"/>
  <testcase classname="com.test.vendorapplication.VendorApplicationTest" name="logOutSession" time="4.110"/>
  <testcase classname="com.test.vendorapplication.VendorApplicationTest" name="checkDashboardWidgets" time="2.565"/>
  <testcase classname="com.test.vendorapplication.VendorApplicationTest" name="loginPage" time="4.566"/>
  <testcase classname="com.test.vendorapplication.VendorApplicationTest" name="checkDashboardTable" time="2.494"/>
  <testcase classname="com.test.vendorapplication.VendorApplicationTest" name="logOutSession" time="3.723"/>
  <testcase classname="com.test.vendorapplication.VendorApplicationTest" name="loginPage" time="2.671"/>
  <testcase classname="com.test.vendorapplication.VendorApplicationTest" name="checkDashboardTable" time="2.307"/>
  <testcase classname="com.test.vendorapplication.VendorApplicationTest" name="loginPage" time="4.608"/>
  <testcase classname="com.test.vendorapplication.VendorApplicationTest" name="checkDashboardTable" time="2.302"/>
</testsuite> <!-- com.test.vendorapplication.VendorApplicationTest -->
