<?xml version="1.0" encoding="UTF-8"?>
<!-- Generated by org.testng.reporters.JUnitReportReporter -->
<testsuite hostname="0da6e2444575" failures="0" tests="15" name="com.test.flightreserve.BookFlightTicket" time="39.850" errors="0" timestamp="2025-10-29T14:06:06 GMT" skipped="0">
  <testcase classname="com.test.flightreserve.BookFlightTicket" name="flightSearch" time="2.843"/>
  <testcase classname="com.test.flightreserve.BookFlightTicket" name="flightSelect" time="2.248"/>
  <testcase classname="com.test.flightreserve.BookFlightTicket" name="flightConformation" time="2.188"/>
  <testcase classname="com.test.flightreserve.BookFlightTicket" name="flightSelect" time="2.232"/>
  <testcase classname="com.test.flightreserve.BookFlightTicket" name="flightConformation" time="2.188"/>
  <testcase classname="com.test.flightreserve.BookFlightTicket" name="registrationPage" time="5.219"/>
  <testcase classname="com.test.flightreserve.BookFlightTicket" name="registrationPage" time="3.240"/>
  <testcase classname="com.test.flightreserve.BookFlightTicket" name="flightSelect" time="2.455"/>
  <testcase classname="com.test.flightreserve.BookFlightTicket" name="flightSearch" time="2.661"/>
  <testcase classname="com.test.flightreserve.BookFlightTicket" name="registrationPageConformation" time="2.116"/>
  <testcase classname="com.test.flightreserve.BookFlightTicket" name="flightSearch" time="2.866"/>
  <testcase classname="com.test.flightreserve.BookFlightTicket" name="registrationPage" time="3.143"/>
  <testcase classname="com.test.flightreserve.BookFlightTicket" name="flightConformation" time="2.136"/>
  <testcase classname="com.test.flightreserve.BookFlightTicket" name="registrationPageConformation" time="2.152"/>
  <testcase classname="com.test.flightreserve.BookFlightTicket" name="registrationPageConformation" time="2.163"/>
</testsuite> <!-- com.test.flightreserve.BookFlightTicket -->
