<?xml version="1.0" encoding="UTF-8"?>
<!-- Generated by org.testng.reporters.JUnitReportReporter -->
<testsuite hostname="f28424fe02c2" failures="0" tests="12" name="com.test.vendorapplication.VendorApplicationTest" time="41.750" errors="0" timestamp="2025-10-29T14:06:01 GMT" skipped="0">
  <testcase classname="com.test.vendorapplication.VendorApplicationTest" name="checkDashboardWidgets" time="2.922"/>
  <testcase classname="com.test.vendorapplication.VendorApplicationTest" name="checkDashboardTable" time="2.284"/>
  <testcase classname="com.test.vendorapplication.VendorApplicationTest" name="checkDashboardTable" time="2.231"/>
  <testcase classname="com.test.vendorapplication.VendorApplicationTest" name="loginPage" time="2.553"/>
  <testcase classname="com.test.vendorapplication.VendorApplicationTest" name="checkDashboardWidgets" time="2.486"/>
  <testcase classname="com.test.vendorapplication.VendorApplicationTest" name="loginPage" time="2.848"/>
  <testcase classname="com.test.vendorapplication.VendorApplicationTest" name="checkDashboardTable" time="2.326"/>
  <testcase classname="com.test.vendorapplication.VendorApplicationTest" name="checkDashboardWidgets" time="2.810"/>
  <testcase classname="com.test.vendorapplication.VendorApplicationTest" name="logOutSession" time="3.714"/>
  <testcase classname="com.test.vendorapplication.VendorApplicationTest" name="logOutSession" time="4.217"/>
  <testcase classname="com.test.vendorapplication.VendorApplicationTest" name="loginPage" time="4.571"/>
  <testcase classname="com.test.vendorapplication.VendorApplicationTest" name="logOutSession" time="8.788"/>
</testsuite> <!-- com.test.vendorapplication.VendorApplicationTest -->
